<?xml version="1.0" encoding="UTF-8"?>
<!-- Generated by org.testng.reporters.JUnitReportReporter -->
<testsuite hostname="SRINIVAS-PC" name="com.rl.E2EMF.AppTest" tests="1" failures="0" timestamp="22 Apr 2014 10:02:49 GMT" time="0.002" errors="0">
  <testcase name="testApp" time="0.002" classname="com.rl.E2EMF.AppTest"/>
</testsuite> <!-- com.rl.E2EMF.AppTest -->
